
> @internal/web@1.0.0 build D:\Menatech\Antigravity\Internal-Estimator\apps\web
> vite build

[36mvite v6.4.1 [32mbuilding for production...[36m[39m
transforming...
[32m✓[39m 118 modules transformed.
[31m✗[39m Build failed in 818ms
[31merror during build:
[31m[vite:esbuild] Transform failed with 1 error:
D:/Menatech/Antigravity/Internal-Estimator/apps/web/src/components/features/admin/system-tab.tsx:111:5: ERROR: Expected identifier but found "/"[31m
file: [36mD:/Menatech/Antigravity/Internal-Estimator/apps/web/src/components/features/admin/system-tab.tsx:111:5[31m
[33m
[33mExpected identifier but found "/"[33m
109|      )
110|    }
111|      </div >
   |       ^
112|    );
113|  }
[31m
    at failureErrorWithLog (D:\Menatech\Antigravity\Internal-Estimator\node_modules\.pnpm\esbuild@0.25.12\node_modules\esbuild\lib\main.js:1467:15)
    at D:\Menatech\Antigravity\Internal-Estimator\node_modules\.pnpm\esbuild@0.25.12\node_modules\esbuild\lib\main.js:736:50
    at responseCallbacks.<computed> (D:\Menatech\Antigravity\Internal-Estimator\node_modules\.pnpm\esbuild@0.25.12\node_modules\esbuild\lib\main.js:603:9)
    at handleIncomingPacket (D:\Menatech\Antigravity\Internal-Estimator\node_modules\.pnpm\esbuild@0.25.12\node_modules\esbuild\lib\main.js:658:12)
    at Socket.readFromStdout (D:\Menatech\Antigravity\Internal-Estimator\node_modules\.pnpm\esbuild@0.25.12\node_modules\esbuild\lib\main.js:581:7)
    at Socket.emit (node:events:518:28)
    at addChunk (node:internal/streams/readable:561:12)
    at readableAddChunkPushByteMode (node:internal/streams/readable:512:3)
    at Readable.push (node:internal/streams/readable:392:5)
    at Pipe.onStreamRead (node:internal/stream_base_commons:189:23)[39m
 ELIFECYCLE  Command failed with exit code 1.
